2021-11-19 07:19:38.323  WARN 32028 --- [HikariPool-1 housekeeper] com.zaxxer.hikari.pool.HikariPool        : HikariPool-1 - Thread starvation or clock leap detected (housekeeper delta=3h21m32s385ms569µs800ns).
2021-11-19 20:28:04.164  WARN 32028 --- [HikariPool-1 housekeeper] com.zaxxer.hikari.pool.HikariPool        : HikariPool-1 - Thread starvation or clock leap detected (housekeeper delta=3h52m59s255ms334µs800ns).
2021-11-19 21:54:11.021  INFO 11284 --- [main] com.example.demo.ItemControllerTest      : Starting ItemControllerTest on LAPTOP-IQVMNM2D with PID 11284 (started by QendresaZeneliKrasni in C:\Users\QendresaZeneliKrasni\Projects\Security-and-DevOps\starter_code)
2021-11-19 21:54:11.023  INFO 11284 --- [main] com.example.demo.ItemControllerTest      : No active profile set, falling back to default profiles: default
2021-11-19 21:54:12.036  INFO 11284 --- [main] .s.d.r.c.RepositoryConfigurationDelegate : Bootstrapping Spring Data repositories in DEFAULT mode.
2021-11-19 21:54:12.157  INFO 11284 --- [main] .s.d.r.c.RepositoryConfigurationDelegate : Finished Spring Data repository scanning in 103ms. Found 4 repository interfaces.
2021-11-19 21:54:13.636  INFO 11284 --- [main] trationDelegate$BeanPostProcessorChecker : Bean 'org.springframework.transaction.annotation.ProxyTransactionManagementConfiguration' of type [org.springframework.transaction.annotation.ProxyTransactionManagementConfiguration$$EnhancerBySpringCGLIB$$d295b9fe] is not eligible for getting processed by all BeanPostProcessors (for example: not eligible for auto-proxying)
2021-11-19 21:54:14.011  INFO 11284 --- [main] com.zaxxer.hikari.HikariDataSource       : HikariPool-1 - Starting...
2021-11-19 21:54:14.303  INFO 11284 --- [main] com.zaxxer.hikari.HikariDataSource       : HikariPool-1 - Start completed.
2021-11-19 21:54:14.478  INFO 11284 --- [main] o.hibernate.jpa.internal.util.LogHelper  : HHH000204: Processing PersistenceUnitInfo [
	name: default
	...]
2021-11-19 21:54:14.597  INFO 11284 --- [main] org.hibernate.Version                    : HHH000412: Hibernate Core {5.3.10.Final}
2021-11-19 21:54:14.599  INFO 11284 --- [main] org.hibernate.cfg.Environment            : HHH000206: hibernate.properties not found
2021-11-19 21:54:14.669  INFO 11284 --- [main] o.hibernate.annotations.common.Version   : HCANN000001: Hibernate Commons Annotations {5.0.4.Final}
2021-11-19 21:54:15.536  INFO 11284 --- [main] org.hibernate.dialect.Dialect            : HHH000400: Using dialect: org.hibernate.dialect.H2Dialect
2021-11-19 21:54:16.542  INFO 11284 --- [main] j.LocalContainerEntityManagerFactoryBean : Initialized JPA EntityManagerFactory for persistence unit 'default'
2021-11-19 21:54:17.604  WARN 11284 --- [main] aWebConfiguration$JpaWebMvcConfiguration : spring.jpa.open-in-view is enabled by default. Therefore, database queries may be performed during view rendering. Explicitly configure spring.jpa.open-in-view to disable this warning
2021-11-19 21:54:17.937  INFO 11284 --- [main] o.s.s.web.DefaultSecurityFilterChain     : Creating filter chain: any request, [org.springframework.security.web.context.request.async.WebAsyncManagerIntegrationFilter@20890a1a, org.springframework.security.web.context.SecurityContextPersistenceFilter@54275b5d, org.springframework.security.web.header.HeaderWriterFilter@693f2c89, org.springframework.web.filter.CorsFilter@70a24f9, org.springframework.security.web.authentication.logout.LogoutFilter@2fb48970, org.springframework.security.web.savedrequest.RequestCacheAwareFilter@271e851e, org.springframework.security.web.servletapi.SecurityContextHolderAwareRequestFilter@12f8682a, org.springframework.security.web.authentication.AnonymousAuthenticationFilter@78bad03b, org.springframework.security.web.session.SessionManagementFilter@401926df, org.springframework.security.web.access.ExceptionTranslationFilter@74bbc273, org.springframework.security.web.access.intercept.FilterSecurityInterceptor@7e1d8d41]
2021-11-19 21:54:18.731  INFO 11284 --- [main] o.s.s.concurrent.ThreadPoolTaskExecutor  : Initializing ExecutorService 'applicationTaskExecutor'
2021-11-19 21:54:19.250  INFO 11284 --- [main] o.s.b.t.m.w.SpringBootMockServletContext : Initializing Spring TestDispatcherServlet ''
2021-11-19 21:54:19.251  INFO 11284 --- [main] o.s.t.web.servlet.TestDispatcherServlet  : Initializing Servlet ''
2021-11-19 21:54:19.270  INFO 11284 --- [main] o.s.t.web.servlet.TestDispatcherServlet  : Completed initialization in 19 ms
2021-11-19 21:54:19.299  INFO 11284 --- [main] com.example.demo.ItemControllerTest      : Started ItemControllerTest in 8.819 seconds (JVM running for 10.549)
2021-11-19 21:54:19.572  INFO 11284 --- [Thread-4] o.s.s.concurrent.ThreadPoolTaskExecutor  : Shutting down ExecutorService 'applicationTaskExecutor'
2021-11-19 21:54:19.574  INFO 11284 --- [Thread-4] j.LocalContainerEntityManagerFactoryBean : Closing JPA EntityManagerFactory for persistence unit 'default'
2021-11-19 21:54:19.577  INFO 11284 --- [Thread-4] com.zaxxer.hikari.HikariDataSource       : HikariPool-1 - Shutdown initiated...
2021-11-19 21:54:19.581  INFO 11284 --- [Thread-4] com.zaxxer.hikari.HikariDataSource       : HikariPool-1 - Shutdown completed.
2021-11-19 21:54:26.144  INFO 35084 --- [main] com.example.demo.OrderControllerTest     : Starting OrderControllerTest on LAPTOP-IQVMNM2D with PID 35084 (started by QendresaZeneliKrasni in C:\Users\QendresaZeneliKrasni\Projects\Security-and-DevOps\starter_code)
2021-11-19 21:54:26.146  INFO 35084 --- [main] com.example.demo.OrderControllerTest     : No active profile set, falling back to default profiles: default
2021-11-19 21:54:27.565  INFO 35084 --- [main] .s.d.r.c.RepositoryConfigurationDelegate : Bootstrapping Spring Data repositories in DEFAULT mode.
2021-11-19 21:54:27.690  INFO 35084 --- [main] .s.d.r.c.RepositoryConfigurationDelegate : Finished Spring Data repository scanning in 107ms. Found 4 repository interfaces.
2021-11-19 21:54:28.843  INFO 35084 --- [main] trationDelegate$BeanPostProcessorChecker : Bean 'org.springframework.transaction.annotation.ProxyTransactionManagementConfiguration' of type [org.springframework.transaction.annotation.ProxyTransactionManagementConfiguration$$EnhancerBySpringCGLIB$$ece02cbe] is not eligible for getting processed by all BeanPostProcessors (for example: not eligible for auto-proxying)
2021-11-19 21:54:29.088  INFO 35084 --- [main] com.zaxxer.hikari.HikariDataSource       : HikariPool-1 - Starting...
2021-11-19 21:54:29.285  INFO 35084 --- [main] com.zaxxer.hikari.HikariDataSource       : HikariPool-1 - Start completed.
2021-11-19 21:54:29.370  INFO 35084 --- [main] o.hibernate.jpa.internal.util.LogHelper  : HHH000204: Processing PersistenceUnitInfo [
	name: default
	...]
2021-11-19 21:54:29.450  INFO 35084 --- [main] org.hibernate.Version                    : HHH000412: Hibernate Core {5.3.10.Final}
2021-11-19 21:54:29.452  INFO 35084 --- [main] org.hibernate.cfg.Environment            : HHH000206: hibernate.properties not found
2021-11-19 21:54:29.511  INFO 35084 --- [main] o.hibernate.annotations.common.Version   : HCANN000001: Hibernate Commons Annotations {5.0.4.Final}
2021-11-19 21:54:30.128  INFO 35084 --- [main] org.hibernate.dialect.Dialect            : HHH000400: Using dialect: org.hibernate.dialect.H2Dialect
2021-11-19 21:54:30.845  INFO 35084 --- [main] j.LocalContainerEntityManagerFactoryBean : Initialized JPA EntityManagerFactory for persistence unit 'default'
2021-11-19 21:54:31.802  WARN 35084 --- [main] aWebConfiguration$JpaWebMvcConfiguration : spring.jpa.open-in-view is enabled by default. Therefore, database queries may be performed during view rendering. Explicitly configure spring.jpa.open-in-view to disable this warning
2021-11-19 21:54:32.253  INFO 35084 --- [main] o.s.s.web.DefaultSecurityFilterChain     : Creating filter chain: any request, [org.springframework.security.web.context.request.async.WebAsyncManagerIntegrationFilter@186481d4, org.springframework.security.web.context.SecurityContextPersistenceFilter@3fc1abf, org.springframework.security.web.header.HeaderWriterFilter@6dc2279c, org.springframework.web.filter.CorsFilter@24eecabf, org.springframework.security.web.authentication.logout.LogoutFilter@6996bbc4, org.springframework.security.web.savedrequest.RequestCacheAwareFilter@e7b0bec, org.springframework.security.web.servletapi.SecurityContextHolderAwareRequestFilter@6b2e9db2, org.springframework.security.web.authentication.AnonymousAuthenticationFilter@2ffa91dc, org.springframework.security.web.session.SessionManagementFilter@77d0dbba, org.springframework.security.web.access.ExceptionTranslationFilter@4d825dbe, org.springframework.security.web.access.intercept.FilterSecurityInterceptor@1b8d20e6]
2021-11-19 21:54:32.924  INFO 35084 --- [main] o.s.s.concurrent.ThreadPoolTaskExecutor  : Initializing ExecutorService 'applicationTaskExecutor'
2021-11-19 21:54:33.435  INFO 35084 --- [main] o.s.b.t.m.w.SpringBootMockServletContext : Initializing Spring TestDispatcherServlet ''
2021-11-19 21:54:33.436  INFO 35084 --- [main] o.s.t.web.servlet.TestDispatcherServlet  : Initializing Servlet ''
2021-11-19 21:54:33.453  INFO 35084 --- [main] o.s.t.web.servlet.TestDispatcherServlet  : Completed initialization in 17 ms
2021-11-19 21:54:33.490  INFO 35084 --- [main] com.example.demo.OrderControllerTest     : Started OrderControllerTest in 7.837 seconds (JVM running for 8.918)
2021-11-19 21:54:33.559  INFO 35084 --- [Thread-4] o.s.s.concurrent.ThreadPoolTaskExecutor  : Shutting down ExecutorService 'applicationTaskExecutor'
2021-11-19 21:54:33.561  INFO 35084 --- [Thread-4] j.LocalContainerEntityManagerFactoryBean : Closing JPA EntityManagerFactory for persistence unit 'default'
2021-11-19 21:54:33.564  INFO 35084 --- [Thread-4] com.zaxxer.hikari.HikariDataSource       : HikariPool-1 - Shutdown initiated...
2021-11-19 21:54:33.568  INFO 35084 --- [Thread-4] com.zaxxer.hikari.HikariDataSource       : HikariPool-1 - Shutdown completed.
2021-11-19 21:55:15.173  INFO 2156 --- [main] com.example.demo.OrderControllerTest     : Starting OrderControllerTest on LAPTOP-IQVMNM2D with PID 2156 (started by QendresaZeneliKrasni in C:\Users\QendresaZeneliKrasni\Projects\Security-and-DevOps\starter_code)
2021-11-19 21:55:15.175  INFO 2156 --- [main] com.example.demo.OrderControllerTest     : No active profile set, falling back to default profiles: default
2021-11-19 21:55:16.157  INFO 2156 --- [main] .s.d.r.c.RepositoryConfigurationDelegate : Bootstrapping Spring Data repositories in DEFAULT mode.
2021-11-19 21:55:16.344  INFO 2156 --- [main] .s.d.r.c.RepositoryConfigurationDelegate : Finished Spring Data repository scanning in 135ms. Found 4 repository interfaces.
2021-11-19 21:55:17.668  INFO 2156 --- [main] trationDelegate$BeanPostProcessorChecker : Bean 'org.springframework.transaction.annotation.ProxyTransactionManagementConfiguration' of type [org.springframework.transaction.annotation.ProxyTransactionManagementConfiguration$$EnhancerBySpringCGLIB$$ece02cbe] is not eligible for getting processed by all BeanPostProcessors (for example: not eligible for auto-proxying)
2021-11-19 21:55:17.923  INFO 2156 --- [main] com.zaxxer.hikari.HikariDataSource       : HikariPool-1 - Starting...
2021-11-19 21:55:18.104  INFO 2156 --- [main] com.zaxxer.hikari.HikariDataSource       : HikariPool-1 - Start completed.
2021-11-19 21:55:18.187  INFO 2156 --- [main] o.hibernate.jpa.internal.util.LogHelper  : HHH000204: Processing PersistenceUnitInfo [
	name: default
	...]
2021-11-19 21:55:18.256  INFO 2156 --- [main] org.hibernate.Version                    : HHH000412: Hibernate Core {5.3.10.Final}
2021-11-19 21:55:18.258  INFO 2156 --- [main] org.hibernate.cfg.Environment            : HHH000206: hibernate.properties not found
2021-11-19 21:55:18.303  INFO 2156 --- [main] o.hibernate.annotations.common.Version   : HCANN000001: Hibernate Commons Annotations {5.0.4.Final}
2021-11-19 21:55:18.897  INFO 2156 --- [main] org.hibernate.dialect.Dialect            : HHH000400: Using dialect: org.hibernate.dialect.H2Dialect
2021-11-19 21:55:19.541  INFO 2156 --- [main] j.LocalContainerEntityManagerFactoryBean : Initialized JPA EntityManagerFactory for persistence unit 'default'
2021-11-19 21:55:20.442  WARN 2156 --- [main] aWebConfiguration$JpaWebMvcConfiguration : spring.jpa.open-in-view is enabled by default. Therefore, database queries may be performed during view rendering. Explicitly configure spring.jpa.open-in-view to disable this warning
2021-11-19 21:55:20.838  INFO 2156 --- [main] o.s.s.web.DefaultSecurityFilterChain     : Creating filter chain: any request, [org.springframework.security.web.context.request.async.WebAsyncManagerIntegrationFilter@5a1a20ae, org.springframework.security.web.context.SecurityContextPersistenceFilter@70b196d3, org.springframework.security.web.header.HeaderWriterFilter@63814bbe, org.springframework.web.filter.CorsFilter@7c956dda, org.springframework.security.web.authentication.logout.LogoutFilter@2976ca51, org.springframework.security.web.savedrequest.RequestCacheAwareFilter@3fc1abf, org.springframework.security.web.servletapi.SecurityContextHolderAwareRequestFilter@120411ec, org.springframework.security.web.authentication.AnonymousAuthenticationFilter@186481d4, org.springframework.security.web.session.SessionManagementFilter@1ad1b737, org.springframework.security.web.access.ExceptionTranslationFilter@44de8e00, org.springframework.security.web.access.intercept.FilterSecurityInterceptor@1a43a88e]
2021-11-19 21:55:21.485  INFO 2156 --- [main] o.s.s.concurrent.ThreadPoolTaskExecutor  : Initializing ExecutorService 'applicationTaskExecutor'
2021-11-19 21:55:21.960  INFO 2156 --- [main] o.s.b.t.m.w.SpringBootMockServletContext : Initializing Spring TestDispatcherServlet ''
2021-11-19 21:55:21.960  INFO 2156 --- [main] o.s.t.web.servlet.TestDispatcherServlet  : Initializing Servlet ''
2021-11-19 21:55:21.980  INFO 2156 --- [main] o.s.t.web.servlet.TestDispatcherServlet  : Completed initialization in 20 ms
2021-11-19 21:55:22.020  INFO 2156 --- [main] com.example.demo.OrderControllerTest     : Started OrderControllerTest in 7.292 seconds (JVM running for 8.42)
2021-11-19 21:55:22.086  INFO 2156 --- [Thread-4] o.s.s.concurrent.ThreadPoolTaskExecutor  : Shutting down ExecutorService 'applicationTaskExecutor'
2021-11-19 21:55:22.089  INFO 2156 --- [Thread-4] j.LocalContainerEntityManagerFactoryBean : Closing JPA EntityManagerFactory for persistence unit 'default'
2021-11-19 21:55:22.092  INFO 2156 --- [Thread-4] com.zaxxer.hikari.HikariDataSource       : HikariPool-1 - Shutdown initiated...
2021-11-19 21:55:22.095  INFO 2156 --- [Thread-4] com.zaxxer.hikari.HikariDataSource       : HikariPool-1 - Shutdown completed.
2021-11-19 21:57:34.584  INFO 33908 --- [main] com.example.demo.OrderControllerTest     : Starting OrderControllerTest on LAPTOP-IQVMNM2D with PID 33908 (started by QendresaZeneliKrasni in C:\Users\QendresaZeneliKrasni\Projects\Security-and-DevOps\starter_code)
2021-11-19 21:57:34.587  INFO 33908 --- [main] com.example.demo.OrderControllerTest     : No active profile set, falling back to default profiles: default
2021-11-19 21:57:35.475  INFO 33908 --- [main] .s.d.r.c.RepositoryConfigurationDelegate : Bootstrapping Spring Data repositories in DEFAULT mode.
2021-11-19 21:57:35.628  INFO 33908 --- [main] .s.d.r.c.RepositoryConfigurationDelegate : Finished Spring Data repository scanning in 137ms. Found 4 repository interfaces.
2021-11-19 21:57:36.802  INFO 33908 --- [main] trationDelegate$BeanPostProcessorChecker : Bean 'org.springframework.transaction.annotation.ProxyTransactionManagementConfiguration' of type [org.springframework.transaction.annotation.ProxyTransactionManagementConfiguration$$EnhancerBySpringCGLIB$$2211143b] is not eligible for getting processed by all BeanPostProcessors (for example: not eligible for auto-proxying)
2021-11-19 21:57:37.054  INFO 33908 --- [main] com.zaxxer.hikari.HikariDataSource       : HikariPool-1 - Starting...
2021-11-19 21:57:37.247  INFO 33908 --- [main] com.zaxxer.hikari.HikariDataSource       : HikariPool-1 - Start completed.
2021-11-19 21:57:37.343  INFO 33908 --- [main] o.hibernate.jpa.internal.util.LogHelper  : HHH000204: Processing PersistenceUnitInfo [
	name: default
	...]
2021-11-19 21:57:37.420  INFO 33908 --- [main] org.hibernate.Version                    : HHH000412: Hibernate Core {5.3.10.Final}
2021-11-19 21:57:37.422  INFO 33908 --- [main] org.hibernate.cfg.Environment            : HHH000206: hibernate.properties not found
2021-11-19 21:57:37.475  INFO 33908 --- [main] o.hibernate.annotations.common.Version   : HCANN000001: Hibernate Commons Annotations {5.0.4.Final}
2021-11-19 21:57:38.061  INFO 33908 --- [main] org.hibernate.dialect.Dialect            : HHH000400: Using dialect: org.hibernate.dialect.H2Dialect
2021-11-19 21:57:38.778  INFO 33908 --- [main] j.LocalContainerEntityManagerFactoryBean : Initialized JPA EntityManagerFactory for persistence unit 'default'
2021-11-19 21:57:39.659  WARN 33908 --- [main] aWebConfiguration$JpaWebMvcConfiguration : spring.jpa.open-in-view is enabled by default. Therefore, database queries may be performed during view rendering. Explicitly configure spring.jpa.open-in-view to disable this warning
2021-11-19 21:57:40.158  INFO 33908 --- [main] o.s.s.web.DefaultSecurityFilterChain     : Creating filter chain: any request, [org.springframework.security.web.context.request.async.WebAsyncManagerIntegrationFilter@2ffa91dc, org.springframework.security.web.context.SecurityContextPersistenceFilter@e7b0bec, org.springframework.security.web.header.HeaderWriterFilter@144e36ae, org.springframework.web.filter.CorsFilter@78d6c244, org.springframework.security.web.authentication.logout.LogoutFilter@2dbf2da, org.springframework.security.web.savedrequest.RequestCacheAwareFilter@7d90644f, org.springframework.security.web.servletapi.SecurityContextHolderAwareRequestFilter@1a34a51e, org.springframework.security.web.authentication.AnonymousAuthenticationFilter@448086ab, org.springframework.security.web.session.SessionManagementFilter@67ceeffd, org.springframework.security.web.access.ExceptionTranslationFilter@210635fd, org.springframework.security.web.access.intercept.FilterSecurityInterceptor@7645b7d]
2021-11-19 21:57:40.810  INFO 33908 --- [main] o.s.s.concurrent.ThreadPoolTaskExecutor  : Initializing ExecutorService 'applicationTaskExecutor'
2021-11-19 21:57:41.295  INFO 33908 --- [main] o.s.b.t.m.w.SpringBootMockServletContext : Initializing Spring TestDispatcherServlet ''
2021-11-19 21:57:41.296  INFO 33908 --- [main] o.s.t.web.servlet.TestDispatcherServlet  : Initializing Servlet ''
2021-11-19 21:57:41.319  INFO 33908 --- [main] o.s.t.web.servlet.TestDispatcherServlet  : Completed initialization in 23 ms
2021-11-19 21:57:41.362  INFO 33908 --- [main] com.example.demo.OrderControllerTest     : Started OrderControllerTest in 7.272 seconds (JVM running for 8.321)
2021-11-19 21:57:41.426  INFO 33908 --- [Thread-4] o.s.s.concurrent.ThreadPoolTaskExecutor  : Shutting down ExecutorService 'applicationTaskExecutor'
2021-11-19 21:57:41.429  INFO 33908 --- [Thread-4] j.LocalContainerEntityManagerFactoryBean : Closing JPA EntityManagerFactory for persistence unit 'default'
2021-11-19 21:57:41.432  INFO 33908 --- [Thread-4] com.zaxxer.hikari.HikariDataSource       : HikariPool-1 - Shutdown initiated...
2021-11-19 21:57:41.435  INFO 33908 --- [Thread-4] com.zaxxer.hikari.HikariDataSource       : HikariPool-1 - Shutdown completed.
2021-11-19 21:59:35.182  INFO 3588 --- [main] com.example.demo.OrderControllerTest     : Starting OrderControllerTest on LAPTOP-IQVMNM2D with PID 3588 (started by QendresaZeneliKrasni in C:\Users\QendresaZeneliKrasni\Projects\Security-and-DevOps\starter_code)
2021-11-19 21:59:35.184  INFO 3588 --- [main] com.example.demo.OrderControllerTest     : No active profile set, falling back to default profiles: default
2021-11-19 21:59:36.061  INFO 3588 --- [main] .s.d.r.c.RepositoryConfigurationDelegate : Bootstrapping Spring Data repositories in DEFAULT mode.
2021-11-19 21:59:36.186  INFO 3588 --- [main] .s.d.r.c.RepositoryConfigurationDelegate : Finished Spring Data repository scanning in 109ms. Found 4 repository interfaces.
2021-11-19 21:59:37.458  INFO 3588 --- [main] trationDelegate$BeanPostProcessorChecker : Bean 'org.springframework.transaction.annotation.ProxyTransactionManagementConfiguration' of type [org.springframework.transaction.annotation.ProxyTransactionManagementConfiguration$$EnhancerBySpringCGLIB$$ece02cbe] is not eligible for getting processed by all BeanPostProcessors (for example: not eligible for auto-proxying)
2021-11-19 21:59:37.716  INFO 3588 --- [main] com.zaxxer.hikari.HikariDataSource       : HikariPool-1 - Starting...
2021-11-19 21:59:37.944  INFO 3588 --- [main] com.zaxxer.hikari.HikariDataSource       : HikariPool-1 - Start completed.
2021-11-19 21:59:38.031  INFO 3588 --- [main] o.hibernate.jpa.internal.util.LogHelper  : HHH000204: Processing PersistenceUnitInfo [
	name: default
	...]
2021-11-19 21:59:38.100  INFO 3588 --- [main] org.hibernate.Version                    : HHH000412: Hibernate Core {5.3.10.Final}
2021-11-19 21:59:38.102  INFO 3588 --- [main] org.hibernate.cfg.Environment            : HHH000206: hibernate.properties not found
2021-11-19 21:59:38.164  INFO 3588 --- [main] o.hibernate.annotations.common.Version   : HCANN000001: Hibernate Commons Annotations {5.0.4.Final}
2021-11-19 21:59:38.719  INFO 3588 --- [main] org.hibernate.dialect.Dialect            : HHH000400: Using dialect: org.hibernate.dialect.H2Dialect
2021-11-19 21:59:39.374  INFO 3588 --- [main] j.LocalContainerEntityManagerFactoryBean : Initialized JPA EntityManagerFactory for persistence unit 'default'
2021-11-19 21:59:40.213  WARN 3588 --- [main] aWebConfiguration$JpaWebMvcConfiguration : spring.jpa.open-in-view is enabled by default. Therefore, database queries may be performed during view rendering. Explicitly configure spring.jpa.open-in-view to disable this warning
2021-11-19 21:59:40.607  INFO 3588 --- [main] o.s.s.web.DefaultSecurityFilterChain     : Creating filter chain: any request, [org.springframework.security.web.context.request.async.WebAsyncManagerIntegrationFilter@448086ab, org.springframework.security.web.context.SecurityContextPersistenceFilter@7d90644f, org.springframework.security.web.header.HeaderWriterFilter@58636b50, org.springframework.web.filter.CorsFilter@16e907b6, org.springframework.security.web.authentication.logout.LogoutFilter@7db162f2, org.springframework.security.web.savedrequest.RequestCacheAwareFilter@59f3426f, org.springframework.security.web.servletapi.SecurityContextHolderAwareRequestFilter@2c668c2a, org.springframework.security.web.authentication.AnonymousAuthenticationFilter@6de610c6, org.springframework.security.web.session.SessionManagementFilter@72001c71, org.springframework.security.web.access.ExceptionTranslationFilter@3cb195dd, org.springframework.security.web.access.intercept.FilterSecurityInterceptor@3ea84e01]
2021-11-19 21:59:41.233  INFO 3588 --- [main] o.s.s.concurrent.ThreadPoolTaskExecutor  : Initializing ExecutorService 'applicationTaskExecutor'
2021-11-19 21:59:41.713  INFO 3588 --- [main] o.s.b.t.m.w.SpringBootMockServletContext : Initializing Spring TestDispatcherServlet ''
2021-11-19 21:59:41.714  INFO 3588 --- [main] o.s.t.web.servlet.TestDispatcherServlet  : Initializing Servlet ''
2021-11-19 21:59:41.733  INFO 3588 --- [main] o.s.t.web.servlet.TestDispatcherServlet  : Completed initialization in 19 ms
2021-11-19 21:59:41.767  INFO 3588 --- [main] com.example.demo.OrderControllerTest     : Started OrderControllerTest in 7.052 seconds (JVM running for 8.08)
2021-11-19 21:59:41.998  INFO 3588 --- [main] c.e.demo.controllers.OrderController     : Order request for Qendresa is done successfully.
2021-11-19 21:59:42.061  INFO 3588 --- [Thread-4] o.s.s.concurrent.ThreadPoolTaskExecutor  : Shutting down ExecutorService 'applicationTaskExecutor'
2021-11-19 21:59:42.064  INFO 3588 --- [Thread-4] j.LocalContainerEntityManagerFactoryBean : Closing JPA EntityManagerFactory for persistence unit 'default'
2021-11-19 21:59:42.067  INFO 3588 --- [Thread-4] com.zaxxer.hikari.HikariDataSource       : HikariPool-1 - Shutdown initiated...
2021-11-19 21:59:42.072  INFO 3588 --- [Thread-4] com.zaxxer.hikari.HikariDataSource       : HikariPool-1 - Shutdown completed.
